<?xml version="1.0" encoding="UTF-8"?>
<!-- Generated by org.testng.reporters.JUnitReportReporter -->
<testsuite hostname="DESKTOP-BVBDGP9" failures="0" tests="2" name="Bai10_AnnotaionTestNG.Login" time="12.348" errors="0" timestamp="2023-09-08T17:50:12 ICT" skipped="0">
  <testcase classname="Bai10_AnnotaionTestNG.Login" name="testlogin" time="5.733"/>
  <system-out/>
  <testcase classname="Bai10_AnnotaionTestNG.Login" name="testAnhTesterBlog" time="6.615"/>
  <system-out/>
</testsuite> <!-- Bai10_AnnotaionTestNG.Login -->
